# JRE version: OpenJDK Runtime Environment (8.0_152-b01) (build 1.8.0_152-release-1343-b01)
# Java VM: OpenJDK 64-Bit Server VM (25.152-b01 mixed mode bsd-amd64 compressed oops)
Heap:
 PSYoungGen      total 38400K, used 34778K [0x0000000795580000, 0x0000000798000000, 0x00000007c0000000)
  eden space 33280K, 96% used [0x0000000795580000,0x00000007974b8f30,0x0000000797600000)
  from space 5120K, 54% used [0x0000000797600000,0x00000007978bdc88,0x0000000797b00000)
  to   space 5120K, 0% used [0x0000000797b00000,0x0000000797b00000,0x0000000798000000)
 ParOldGen       total 87552K, used 3057K [0x0000000740000000, 0x0000000745580000, 0x0000000795580000)
  object space 87552K, 3% used [0x0000000740000000,0x00000007402fc598,0x0000000745580000)
 Metaspace       used 16830K, capacity 17053K, committed 17408K, reserved 1064960K
  class space    used 1687K, capacity 1783K, committed 1792K, reserved 1048576K
GC Heap History (10 events):
Event: 3.646 GC heap before
{Heap before GC invocations=4 (full 2):
 PSYoungGen      total 38400K, used 1124K [0x0000000795580000, 0x0000000798000000, 0x00000007c0000000)
  eden space 33280K, 0% used [0x0000000795580000,0x0000000795580000,0x0000000797600000)
  from space 5120K, 21% used [0x0000000797b00000,0x0000000797c19330,0x0000000798000000)
  to   space 5120K, 0% used [0x0000000797600000,0x0000000797600000,0x0000000797b00000)
 ParOldGen       total 87552K, used 3388K [0x0000000740000000, 0x0000000745580000, 0x0000000795580000)
  object space 87552K, 3% used [0x0000000740000000,0x000000074034f368,0x0000000745580000)
 Metaspace       used 10999K, capacity 11149K, committed 11392K, reserved 1058816K
  class space    used 1092K, capacity 1147K, committed 1152K, reserved 1048576K
Event: 3.673 GC heap after
Heap after GC invocations=4 (full 2):
 PSYoungGen      total 38400K, used 0K [0x0000000795580000, 0x0000000798000000, 0x00000007c0000000)
  eden space 33280K, 0% used [0x0000000795580000,0x0000000795580000,0x0000000797600000)
  from space 5120K, 0% used [0x0000000797b00000,0x0000000797b00000,0x0000000798000000)
  to   space 5120K, 0% used [0x0000000797600000,0x0000000797600000,0x0000000797b00000)
 ParOldGen       total 87552K, used 3041K [0x0000000740000000, 0x0000000745580000, 0x0000000795580000)
  object space 87552K, 3% used [0x0000000740000000,0x00000007402f8570,0x0000000745580000)
 Metaspace       used 10999K, capacity 11149K, committed 11392K, reserved 1058816K
  class space    used 1092K, capacity 1147K, committed 1152K, reserved 1048576K
}
Event: 3.673 GC heap before
{Heap before GC invocations=5 (full 2):
 PSYoungGen      total 38400K, used 446K [0x0000000795580000, 0x0000000798000000, 0x00000007c0000000)
  eden space 33280K, 1% used [0x0000000795580000,0x00000007955ef860,0x0000000797600000)
  from space 5120K, 0% used [0x0000000797b00000,0x0000000797b00000,0x0000000798000000)
  to   space 5120K, 0% used [0x0000000797600000,0x0000000797600000,0x0000000797b00000)
 ParOldGen       total 87552K, used 3041K [0x0000000740000000, 0x0000000745580000, 0x0000000795580000)
  object space 87552K, 3% used [0x0000000740000000,0x00000007402f8570,0x0000000745580000)
 Metaspace       used 11000K, capacity 11149K, committed 11392K, reserved 1058816K
  class space    used 1092K, capacity 1147K, committed 1152K, reserved 1048576K
Event: 3.674 GC heap after
Heap after GC invocations=5 (full 2):
 PSYoungGen      total 38400K, used 32K [0x0000000795580000, 0x0000000798000000, 0x00000007c0000000)
  eden space 33280K, 0% used [0x0000000795580000,0x0000000795580000,0x0000000797600000)
  from space 5120K, 0% used [0x0000000797600000,0x0000000797608000,0x0000000797b00000)
  to   space 5120K, 0% used [0x0000000797b00000,0x0000000797b00000,0x0000000798000000)
 ParOldGen       total 87552K, used 3041K [0x0000000740000000, 0x0000000745580000, 0x0000000795580000)
  object space 87552K, 3% used [0x0000000740000000,0x00000007402f8570,0x0000000745580000)
 Metaspace       used 11000K, capacity 11149K, committed 11392K, reserved 1058816K
  class space    used 1092K, capacity 1147K, committed 1152K, reserved 1048576K
}
Event: 3.674 GC heap before
{Heap before GC invocations=6 (full 3):
 PSYoungGen      total 38400K, used 32K [0x0000000795580000, 0x0000000798000000, 0x00000007c0000000)
  eden space 33280K, 0% used [0x0000000795580000,0x0000000795580000,0x0000000797600000)
  from space 5120K, 0% used [0x0000000797600000,0x0000000797608000,0x0000000797b00000)
  to   space 5120K, 0% used [0x0000000797b00000,0x0000000797b00000,0x0000000798000000)
 ParOldGen       total 87552K, used 3041K [0x0000000740000000, 0x0000000745580000, 0x0000000795580000)
  object space 87552K, 3% used [0x0000000740000000,0x00000007402f8570,0x0000000745580000)
 Metaspace       used 11000K, capacity 11149K, committed 11392K, reserved 1058816K
  class space    used 1092K, capacity 1147K, committed 1152K, reserved 1048576K
Event: 3.682 GC heap after
Heap after GC invocations=6 (full 3):
 PSYoungGen      total 38400K, used 0K [0x0000000795580000, 0x0000000798000000, 0x00000007c0000000)
  eden space 33280K, 0% used [0x0000000795580000,0x0000000795580000,0x0000000797600000)
  from space 5120K, 0% used [0x0000000797600000,0x0000000797600000,0x0000000797b00000)
  to   space 5120K, 0% used [0x0000000797b00000,0x0000000797b00000,0x0000000798000000)
 ParOldGen       total 87552K, used 3041K [0x0000000740000000, 0x0000000745580000, 0x0000000795580000)
  object space 87552K, 3% used [0x0000000740000000,0x00000007402f8598,0x0000000745580000)
 Metaspace       used 11000K, capacity 11149K, committed 11392K, reserved 1058816K
  class space    used 1092K, capacity 1147K, committed 1152K, reserved 1048576K
}
Event: 198.044 GC heap before
{Heap before GC invocations=7 (full 3):
 PSYoungGen      total 38400K, used 33280K [0x0000000795580000, 0x0000000798000000, 0x00000007c0000000)
  eden space 33280K, 100% used [0x0000000795580000,0x0000000797600000,0x0000000797600000)
  from space 5120K, 0% used [0x0000000797600000,0x0000000797600000,0x0000000797b00000)
  to   space 5120K, 0% used [0x0000000797b00000,0x0000000797b00000,0x0000000798000000)
 ParOldGen       total 87552K, used 3041K [0x0000000740000000, 0x0000000745580000, 0x0000000795580000)
  object space 87552K, 3% used [0x0000000740000000,0x00000007402f8598,0x0000000745580000)
 Metaspace       used 16771K, capacity 17053K, committed 17408K, reserved 1064960K
  class space    used 1685K, capacity 1783K, committed 1792K, reserved 1048576K
Event: 198.063 GC heap after
Heap after GC invocations=7 (full 3):
 PSYoungGen      total 38400K, used 3746K [0x0000000795580000, 0x0000000798000000, 0x00000007c0000000)
  eden space 33280K, 0% used [0x0000000795580000,0x0000000795580000,0x0000000797600000)
  from space 5120K, 73% used [0x0000000797b00000,0x0000000797ea8968,0x0000000798000000)
  to   space 5120K, 0% used [0x0000000797600000,0x0000000797600000,0x0000000797b00000)
 ParOldGen       total 87552K, used 3049K [0x0000000740000000, 0x0000000745580000, 0x0000000795580000)
  object space 87552K, 3% used [0x0000000740000000,0x00000007402fa598,0x0000000745580000)
 Metaspace       used 16771K, capacity 17053K, committed 17408K, reserved 1064960K
  class space    used 1685K, capacity 1783K, committed 1792K, reserved 1048576K
}
Event: 1085.448 GC heap before
{Heap before GC invocations=8 (full 3):
 PSYoungGen      total 38400K, used 37026K [0x0000000795580000, 0x0000000798000000, 0x00000007c0000000)
  eden space 33280K, 100% used [0x0000000795580000,0x0000000797600000,0x0000000797600000)
  from space 5120K, 73% used [0x0000000797b00000,0x0000000797ea8968,0x0000000798000000)
  to   space 5120K, 0% used [0x0000000797600000,0x0000000797600000,0x0000000797b00000)
 ParOldGen       total 87552K, used 3049K [0x0000000740000000, 0x0000000745580000, 0x0000000795580000)
  object space 87552K, 3% used [0x0000000740000000,0x00000007402fa598,0x0000000745580000)
 Metaspace       used 16790K, capacity 17053K, committed 17408K, reserved 1064960K
  class space    used 1685K, capacity 1783K, committed 1792K, reserved 1048576K
Event: 1085.482 GC heap after
Heap after GC invocations=8 (full 3):
 PSYoungGen      total 38400K, used 2807K [0x0000000795580000, 0x0000000798000000, 0x00000007c0000000)
  eden space 33280K, 0% used [0x0000000795580000,0x0000000795580000,0x0000000797600000)
  from space 5120K, 54% used [0x0000000797600000,0x00000007978bdc88,0x0000000797b00000)
  to   space 5120K, 0% used [0x0000000797b00000,0x0000000797b00000,0x0000000798000000)
 ParOldGen       total 87552K, used 3057K [0x0000000740000000, 0x0000000745580000, 0x0000000795580000)
  object space 87552K, 3% used [0x0000000740000000,0x00000007402fc598,0x0000000745580000)
 Metaspace       used 16790K, capacity 17053K, committed 17408K, reserved 1064960K
  class space    used 1685K, capacity 1783K, committed 1792K, reserved 1048576K
}

